0 info it worked if it ends with ok
1 verbose cli [ '/usr/local/bin/node', '/usr/local/bin/npm', 'install' ]
2 info using npm@1.3.8
3 info using node@v0.10.17
4 verbose readDependencies using package.json deps
5 verbose install where, deps [ '/home/lively4/lively4/lively.lang',
5 verbose install   [ 'doc-comments',
5 verbose install     'babel-core',
5 verbose install     'uglify-js',
5 verbose install     'expect.js',
5 verbose install     'mocha',
5 verbose install     'mocha-phantomjs-core' ] ]
6 info preinstall lively.lang@0.5.21
7 verbose readDependencies using package.json deps
8 verbose already installed skipping uglify-js@^2.6.1 /home/lively4/lively4/lively.lang
9 verbose already installed skipping babel-core@^5.8.35 /home/lively4/lively4/lively.lang
10 verbose already installed skipping mocha@* /home/lively4/lively4/lively.lang
11 verbose already installed skipping expect.js@* /home/lively4/lively4/lively.lang
12 verbose already installed skipping mocha-phantomjs-core@^1.3.0 /home/lively4/lively4/lively.lang
13 verbose cache add [ 'doc-comments@^0.1.2', null ]
14 verbose cache add name=undefined spec="doc-comments@^0.1.2" args=["doc-comments@^0.1.2",null]
15 verbose parsed url { protocol: null,
15 verbose parsed url   slashes: null,
15 verbose parsed url   auth: null,
15 verbose parsed url   host: null,
15 verbose parsed url   port: null,
15 verbose parsed url   hostname: null,
15 verbose parsed url   hash: null,
15 verbose parsed url   search: null,
15 verbose parsed url   query: null,
15 verbose parsed url   pathname: 'doc-comments@^0.1.2',
15 verbose parsed url   path: 'doc-comments@^0.1.2',
15 verbose parsed url   href: 'doc-comments@^0.1.2' }
16 verbose cache add name="doc-comments" spec="^0.1.2" args=["doc-comments","^0.1.2"]
17 verbose parsed url { protocol: null,
17 verbose parsed url   slashes: null,
17 verbose parsed url   auth: null,
17 verbose parsed url   host: null,
17 verbose parsed url   port: null,
17 verbose parsed url   hostname: null,
17 verbose parsed url   hash: null,
17 verbose parsed url   search: null,
17 verbose parsed url   query: null,
17 verbose parsed url   pathname: '^0.1.2',
17 verbose parsed url   path: '^0.1.2',
17 verbose parsed url   href: '^0.1.2' }
18 verbose addNamed [ 'doc-comments', '^0.1.2' ]
19 verbose addNamed [ null, '>=0.1.2-0 <0.2.0-0' ]
20 silly lockFile c42239e4-doc-comments-0-1-2 doc-comments@^0.1.2
21 verbose lock doc-comments@^0.1.2 /home/lively4/.npm/c42239e4-doc-comments-0-1-2.lock
22 silly addNameRange { name: 'doc-comments',
22 silly addNameRange   range: '>=0.1.2-0 <0.2.0-0',
22 silly addNameRange   hasData: false }
23 verbose url raw doc-comments
24 verbose url resolving [ 'https://registry.npmjs.org/', './doc-comments' ]
25 verbose url resolved https://registry.npmjs.org/doc-comments
26 info trying registry request attempt 1 at 13:01:34
27 verbose etag "CJE1UJ2ACMWNRCR8O7E3UNZWE"
28 http GET https://registry.npmjs.org/doc-comments
29 http 304 https://registry.npmjs.org/doc-comments
30 silly registry.get cb [ 304,
30 silly registry.get   { date: 'Tue, 26 Apr 2016 11:05:50 GMT',
30 silly registry.get     via: '1.1 varnish',
30 silly registry.get     'cache-control': 'max-age=300',
30 silly registry.get     etag: '"CJE1UJ2ACMWNRCR8O7E3UNZWE"',
30 silly registry.get     age: '0',
30 silly registry.get     connection: 'keep-alive',
30 silly registry.get     'x-served-by': 'cache-fra1226-FRA',
30 silly registry.get     'x-cache': 'MISS',
30 silly registry.get     'x-cache-hits': '0',
30 silly registry.get     'x-timer': 'S1461668750.876829,VS0,VE438',
30 silly registry.get     vary: 'Accept-Encoding' } ]
31 verbose etag doc-comments from cache
32 silly addNameRange number 2 { name: 'doc-comments',
32 silly addNameRange   range: '>=0.1.2-0 <0.2.0-0',
32 silly addNameRange   hasData: true }
33 silly addNameRange versions [ 'doc-comments', [ '0.1.0', '0.1.1', '0.1.2' ] ]
34 verbose addNamed [ 'doc-comments', '0.1.2' ]
35 verbose addNamed [ '0.1.2', '0.1.2' ]
36 silly lockFile 6facbaba-doc-comments-0-1-2 doc-comments@0.1.2
37 verbose lock doc-comments@0.1.2 /home/lively4/.npm/6facbaba-doc-comments-0-1-2.lock
38 silly lockFile 6facbaba-doc-comments-0-1-2 doc-comments@0.1.2
39 silly lockFile 6facbaba-doc-comments-0-1-2 doc-comments@0.1.2
40 silly lockFile c42239e4-doc-comments-0-1-2 doc-comments@^0.1.2
41 silly lockFile c42239e4-doc-comments-0-1-2 doc-comments@^0.1.2
42 silly resolved [ { name: 'doc-comments',
42 silly resolved     version: '0.1.2',
42 silly resolved     description: 'Extract comments from JavaScript source code and generate API documentation.',
42 silly resolved     main: 'index.js',
42 silly resolved     keywords: [ 'comments', 'documentation', 'generator' ],
42 silly resolved     author: { name: 'Robert Krahn' },
42 silly resolved     license: 'MIT',
42 silly resolved     repository: { type: 'git', url: 'https://github.com/rksm/doc-comments' },
42 silly resolved     bugs: { url: 'https://github.com/rksm/doc-comments/issues' },
42 silly resolved     homepage: 'https://github.com/rksm/doc-comments',
42 silly resolved     dependencies: { 'lively.ast': '^0.2.7', 'lively.lang': '^0.4.4' },
42 silly resolved     scripts: { doc: 'node -e \'require(process.cwd())({files: ["index.js"]})\'' },
42 silly resolved     readme: '# doc-comments\n\nExtract comments from JavaScript source code and generate API documentation.\n\nTypically you want to add it to the dev dependencies `npm install --save-dev\ndoc-comments.\n\nThen call it from a script, e.g. put\n\n```json\n"scripts": {\n  "doc": "node -e \'require(process.cwd())({files: [\\"index.js\\"]})\'"\n}\n```\n\ninto your package.json and run `npm run doc`.\n\n\n## API\n\n<!---DOC_GENERATED_START--->\n### Contents\n\n\n\n#### <a name="generateDoc"></a>generateDoc(options, thenDo)\n\n Reads JS source files, extracts toplevel, object, and function comments\n and generates a documentation from these. Will insert doc into README.md or\n doc files.\n options `{dryRun: BOOL, projectPath: STRING, files: ARRAY[STRING], intoFiles: BOOL}`\n `intoFiles`: split documentation into individual doc/xxx.md files or README.md (default).\n The README.md file should include insertion markers\n `<!---DOC_GENERATED_START--->` and\n `<!---DOC_GENERATED_END--->`.\n \n\n```js\nvar files = ["lib/foo.js", "lib/bar.js"];\nrequire("doc-comments")({\n  projectPath: "/foo/bar", files: files},\n  function(err, markup, fileData) { /*...*/ })/\n```\n<!---DOC_GENERATED_END--->',
42 silly resolved     readmeFilename: 'README.md',
42 silly resolved     _id: 'doc-comments@0.1.2',
42 silly resolved     _from: 'doc-comments@^0.1.2' } ]
43 info install doc-comments@0.1.2 into /home/lively4/lively4/lively.lang
44 info installOne doc-comments@0.1.2
45 info /home/lively4/lively4/lively.lang/node_modules/doc-comments unbuild
46 verbose tar unpack /home/lively4/.npm/doc-comments/0.1.2/package.tgz
47 silly lockFile 342525a3-y-lang-node-modules-doc-comments tar:///home/lively4/lively4/lively.lang/node_modules/doc-comments
48 verbose lock tar:///home/lively4/lively4/lively.lang/node_modules/doc-comments /home/lively4/.npm/342525a3-y-lang-node-modules-doc-comments.lock
49 silly lockFile 9be92488-m-doc-comments-0-1-2-package-tgz tar:///home/lively4/.npm/doc-comments/0.1.2/package.tgz
50 verbose lock tar:///home/lively4/.npm/doc-comments/0.1.2/package.tgz /home/lively4/.npm/9be92488-m-doc-comments-0-1-2-package-tgz.lock
51 silly gunzTarPerm modes [ '755', '644' ]
52 silly gunzTarPerm extractEntry package.json
53 silly gunzTarPerm extractEntry .npmignore
54 silly gunzTarPerm extractEntry README.md
55 silly gunzTarPerm extractEntry index.js
56 silly lockFile 342525a3-y-lang-node-modules-doc-comments tar:///home/lively4/lively4/lively.lang/node_modules/doc-comments
57 silly lockFile 342525a3-y-lang-node-modules-doc-comments tar:///home/lively4/lively4/lively.lang/node_modules/doc-comments
58 silly lockFile 9be92488-m-doc-comments-0-1-2-package-tgz tar:///home/lively4/.npm/doc-comments/0.1.2/package.tgz
59 silly lockFile 9be92488-m-doc-comments-0-1-2-package-tgz tar:///home/lively4/.npm/doc-comments/0.1.2/package.tgz
60 info preinstall doc-comments@0.1.2
61 verbose readDependencies using package.json deps
62 verbose readDependencies using package.json deps
63 verbose cache add [ 'lively.ast@^0.2.7', null ]
64 verbose cache add name=undefined spec="lively.ast@^0.2.7" args=["lively.ast@^0.2.7",null]
65 verbose parsed url { protocol: null,
65 verbose parsed url   slashes: null,
65 verbose parsed url   auth: null,
65 verbose parsed url   host: null,
65 verbose parsed url   port: null,
65 verbose parsed url   hostname: null,
65 verbose parsed url   hash: null,
65 verbose parsed url   search: null,
65 verbose parsed url   query: null,
65 verbose parsed url   pathname: 'lively.ast@^0.2.7',
65 verbose parsed url   path: 'lively.ast@^0.2.7',
65 verbose parsed url   href: 'lively.ast@^0.2.7' }
66 verbose cache add name="lively.ast" spec="^0.2.7" args=["lively.ast","^0.2.7"]
67 verbose parsed url { protocol: null,
67 verbose parsed url   slashes: null,
67 verbose parsed url   auth: null,
67 verbose parsed url   host: null,
67 verbose parsed url   port: null,
67 verbose parsed url   hostname: null,
67 verbose parsed url   hash: null,
67 verbose parsed url   search: null,
67 verbose parsed url   query: null,
67 verbose parsed url   pathname: '^0.2.7',
67 verbose parsed url   path: '^0.2.7',
67 verbose parsed url   href: '^0.2.7' }
68 verbose addNamed [ 'lively.ast', '^0.2.7' ]
69 verbose addNamed [ null, '>=0.2.7-0 <0.3.0-0' ]
70 silly lockFile abd0e0fb-lively-ast-0-2-7 lively.ast@^0.2.7
71 verbose lock lively.ast@^0.2.7 /home/lively4/.npm/abd0e0fb-lively-ast-0-2-7.lock
72 verbose cache add [ 'lively.lang@^0.4.4', null ]
73 verbose cache add name=undefined spec="lively.lang@^0.4.4" args=["lively.lang@^0.4.4",null]
74 verbose parsed url { protocol: null,
74 verbose parsed url   slashes: null,
74 verbose parsed url   auth: null,
74 verbose parsed url   host: null,
74 verbose parsed url   port: null,
74 verbose parsed url   hostname: null,
74 verbose parsed url   hash: null,
74 verbose parsed url   search: null,
74 verbose parsed url   query: null,
74 verbose parsed url   pathname: 'lively.lang@^0.4.4',
74 verbose parsed url   path: 'lively.lang@^0.4.4',
74 verbose parsed url   href: 'lively.lang@^0.4.4' }
75 verbose cache add name="lively.lang" spec="^0.4.4" args=["lively.lang","^0.4.4"]
76 verbose parsed url { protocol: null,
76 verbose parsed url   slashes: null,
76 verbose parsed url   auth: null,
76 verbose parsed url   host: null,
76 verbose parsed url   port: null,
76 verbose parsed url   hostname: null,
76 verbose parsed url   hash: null,
76 verbose parsed url   search: null,
76 verbose parsed url   query: null,
76 verbose parsed url   pathname: '^0.4.4',
76 verbose parsed url   path: '^0.4.4',
76 verbose parsed url   href: '^0.4.4' }
77 verbose addNamed [ 'lively.lang', '^0.4.4' ]
78 verbose addNamed [ null, '>=0.4.4-0 <0.5.0-0' ]
79 silly lockFile 3a428246-lively-lang-0-4-4 lively.lang@^0.4.4
80 verbose lock lively.lang@^0.4.4 /home/lively4/.npm/3a428246-lively-lang-0-4-4.lock
81 silly addNameRange { name: 'lively.ast',
81 silly addNameRange   range: '>=0.2.7-0 <0.3.0-0',
81 silly addNameRange   hasData: false }
82 silly addNameRange { name: 'lively.lang',
82 silly addNameRange   range: '>=0.4.4-0 <0.5.0-0',
82 silly addNameRange   hasData: false }
83 verbose url raw lively.ast
84 verbose url resolving [ 'https://registry.npmjs.org/', './lively.ast' ]
85 verbose url resolved https://registry.npmjs.org/lively.ast
86 info trying registry request attempt 1 at 13:01:35
87 verbose etag "7C7IQB4FMUGF9DDNN2WOPXB9R"
88 http GET https://registry.npmjs.org/lively.ast
89 verbose url raw lively.lang
90 verbose url resolving [ 'https://registry.npmjs.org/', './lively.lang' ]
91 verbose url resolved https://registry.npmjs.org/lively.lang
92 info trying registry request attempt 1 at 13:01:35
93 verbose etag "8R5ANFS99MMB9TWLKPHAW2DLO"
94 http GET https://registry.npmjs.org/lively.lang
95 http 304 https://registry.npmjs.org/lively.ast
96 silly registry.get cb [ 304,
96 silly registry.get   { date: 'Tue, 26 Apr 2016 11:05:51 GMT',
96 silly registry.get     via: '1.1 varnish',
96 silly registry.get     'cache-control': 'max-age=300',
96 silly registry.get     etag: '"7C7IQB4FMUGF9DDNN2WOPXB9R"',
96 silly registry.get     age: '26',
96 silly registry.get     connection: 'keep-alive',
96 silly registry.get     'x-served-by': 'cache-fra1236-FRA',
96 silly registry.get     'x-cache': 'HIT',
96 silly registry.get     'x-cache-hits': '2',
96 silly registry.get     'x-timer': 'S1461668751.463986,VS0,VE0',
96 silly registry.get     vary: 'Accept-Encoding' } ]
97 verbose etag lively.ast from cache
98 silly addNameRange number 2 { name: 'lively.ast',
98 silly addNameRange   range: '>=0.2.7-0 <0.3.0-0',
98 silly addNameRange   hasData: true }
99 silly addNameRange versions [ 'lively.ast',
99 silly addNameRange   [ '0.1.1',
99 silly addNameRange     '0.2.0',
99 silly addNameRange     '0.2.1',
99 silly addNameRange     '0.2.2',
99 silly addNameRange     '0.2.3',
99 silly addNameRange     '0.2.4',
99 silly addNameRange     '0.2.5',
99 silly addNameRange     '0.2.6',
99 silly addNameRange     '0.2.7',
99 silly addNameRange     '0.2.8',
99 silly addNameRange     '0.2.9',
99 silly addNameRange     '0.2.10',
99 silly addNameRange     '0.2.11',
99 silly addNameRange     '0.2.12',
99 silly addNameRange     '0.2.13',
99 silly addNameRange     '0.2.15',
99 silly addNameRange     '0.2.14',
99 silly addNameRange     '0.2.16',
99 silly addNameRange     '0.2.17',
99 silly addNameRange     '0.2.18',
99 silly addNameRange     '0.2.19',
99 silly addNameRange     '0.2.21',
99 silly addNameRange     '0.3.0',
99 silly addNameRange     '0.3.1',
99 silly addNameRange     '0.3.2',
99 silly addNameRange     '0.3.3',
99 silly addNameRange     '0.3.4',
99 silly addNameRange     '0.4.0',
99 silly addNameRange     '0.4.1',
99 silly addNameRange     '0.4.2',
99 silly addNameRange     '0.4.3',
99 silly addNameRange     '0.5.0',
99 silly addNameRange     '0.5.1',
99 silly addNameRange     '0.5.2',
99 silly addNameRange     '0.5.3',
99 silly addNameRange     '0.5.4' ] ]
100 verbose addNamed [ 'lively.ast', '0.2.21' ]
101 verbose addNamed [ '0.2.21', '0.2.21' ]
102 silly lockFile cc5bd46f-lively-ast-0-2-21 lively.ast@0.2.21
103 verbose lock lively.ast@0.2.21 /home/lively4/.npm/cc5bd46f-lively-ast-0-2-21.lock
104 silly lockFile cc5bd46f-lively-ast-0-2-21 lively.ast@0.2.21
105 silly lockFile cc5bd46f-lively-ast-0-2-21 lively.ast@0.2.21
106 silly lockFile abd0e0fb-lively-ast-0-2-7 lively.ast@^0.2.7
107 silly lockFile abd0e0fb-lively-ast-0-2-7 lively.ast@^0.2.7
108 http 304 https://registry.npmjs.org/lively.lang
109 silly registry.get cb [ 304,
109 silly registry.get   { date: 'Tue, 26 Apr 2016 11:05:51 GMT',
109 silly registry.get     via: '1.1 varnish',
109 silly registry.get     'cache-control': 'max-age=300',
109 silly registry.get     etag: '"8R5ANFS99MMB9TWLKPHAW2DLO"',
109 silly registry.get     age: '0',
109 silly registry.get     connection: 'keep-alive',
109 silly registry.get     'x-served-by': 'cache-fra1247-FRA',
109 silly registry.get     'x-cache': 'HIT',
109 silly registry.get     'x-cache-hits': '1',
109 silly registry.get     'x-timer': 'S1461668751.466101,VS0,VE187',
109 silly registry.get     vary: 'Accept-Encoding' } ]
110 verbose etag lively.lang from cache
111 silly addNameRange number 2 { name: 'lively.lang',
111 silly addNameRange   range: '>=0.4.4-0 <0.5.0-0',
111 silly addNameRange   hasData: true }
112 silly addNameRange versions [ 'lively.lang',
112 silly addNameRange   [ '0.2.0',
112 silly addNameRange     '0.2.1',
112 silly addNameRange     '0.2.2',
112 silly addNameRange     '0.2.4',
112 silly addNameRange     '0.2.5',
112 silly addNameRange     '0.3.0',
112 silly addNameRange     '0.3.3',
112 silly addNameRange     '0.3.5',
112 silly addNameRange     '0.4.0',
112 silly addNameRange     '0.4.1',
112 silly addNameRange     '0.4.2',
112 silly addNameRange     '0.4.3',
112 silly addNameRange     '0.4.4',
112 silly addNameRange     '0.4.5',
112 silly addNameRange     '0.4.6',
112 silly addNameRange     '0.4.7',
112 silly addNameRange     '0.4.8',
112 silly addNameRange     '0.4.9',
112 silly addNameRange     '0.4.10',
112 silly addNameRange     '0.4.11',
112 silly addNameRange     '0.4.12',
112 silly addNameRange     '0.4.13',
112 silly addNameRange     '0.4.14',
112 silly addNameRange     '0.4.15',
112 silly addNameRange     '0.4.16',
112 silly addNameRange     '0.5.0',
112 silly addNameRange     '0.5.1',
112 silly addNameRange     '0.5.2',
112 silly addNameRange     '0.5.3',
112 silly addNameRange     '0.5.4',
112 silly addNameRange     '0.5.5',
112 silly addNameRange     '0.5.6',
112 silly addNameRange     '0.5.7',
112 silly addNameRange     '0.5.8',
112 silly addNameRange     '0.5.9',
112 silly addNameRange     '0.5.10',
112 silly addNameRange     '0.5.11',
112 silly addNameRange     '0.5.12',
112 silly addNameRange     '0.5.13',
112 silly addNameRange     '0.5.14',
112 silly addNameRange     '0.5.15',
112 silly addNameRange     '0.5.16',
112 silly addNameRange     '0.5.17',
112 silly addNameRange     '0.5.18',
112 silly addNameRange     '0.5.19',
112 silly addNameRange     '0.5.20',
112 silly addNameRange     '0.5.21' ] ]
113 verbose addNamed [ 'lively.lang', '0.4.16' ]
114 verbose addNamed [ '0.4.16', '0.4.16' ]
115 silly lockFile 3951400b-lively-lang-0-4-16 lively.lang@0.4.16
116 verbose lock lively.lang@0.4.16 /home/lively4/.npm/3951400b-lively-lang-0-4-16.lock
117 silly lockFile 3951400b-lively-lang-0-4-16 lively.lang@0.4.16
118 silly lockFile 3951400b-lively-lang-0-4-16 lively.lang@0.4.16
119 silly lockFile 3a428246-lively-lang-0-4-4 lively.lang@^0.4.4
120 silly lockFile 3a428246-lively-lang-0-4-4 lively.lang@^0.4.4
121 silly resolved [ { name: 'lively.ast',
121 silly resolved     version: '0.2.21',
121 silly resolved     description: 'Parsing JS code into ASTs and tools to query and transform these trees.',
121 silly resolved     main: 'index.js',
121 silly resolved     directories: { test: 'test' },
121 silly resolved     scripts: { test: 'node_modules/mocha/bin/mocha tests/*-test.js && phantomjs node_modules/mocha-phantomjs-core/mocha-phantomjs-core.js tests/run-tests.html' },
121 silly resolved     repository:
121 silly resolved      { type: 'git',
121 silly resolved        url: 'https://github.com/LivelyKernel/lively.ast.git' },
121 silly resolved     keywords: [ 'LivelyWeb' ],
121 silly resolved     author: { name: 'Robert Krahn' },
121 silly resolved     license: 'MIT',
121 silly resolved     bugs: { url: 'https://github.com/LivelyKernel/lively.ast/issues' },
121 silly resolved     homepage: 'https://github.com/LivelyKernel/lively.ast',
121 silly resolved     dependencies:
121 silly resolved      { acorn: '^2.7.0',
121 silly resolved        'acorn-jsx': '^2.0',
121 silly resolved        escodegen: '^1.8.0',
121 silly resolved        'lively.lang': '^0.5.7' },
121 silly resolved     devDependencies:
121 silly resolved      { browserify: '^7.0.0',
121 silly resolved        chai: '^3.3.0',
121 silly resolved        'chai-subset': '^1.1.0',
121 silly resolved        grunt: '^0.4.5',
121 silly resolved        'grunt-browserify': '^3.2.1',
121 silly resolved        'grunt-contrib-concat': '^0.5.0',
121 silly resolved        'grunt-contrib-uglify': '^0.6.0',
121 silly resolved        mocha: '^2.3.3',
121 silly resolved        'mocha-phantomjs-core': '^1.3.0' },
121 silly resolved     readme: '# lively.ast [![Build Status](https://travis-ci.org/LivelyKernel/lively.ast.svg)](https://travis-ci.org/LivelyKernel/lively.ast)\n\nParsing JS code into ASTs and tools to query and transform these trees.\n',
121 silly resolved     readmeFilename: 'README.md',
121 silly resolved     _id: 'lively.ast@0.2.21',
121 silly resolved     _from: 'lively.ast@^0.2.7' },
121 silly resolved   { name: 'lively.lang',
121 silly resolved     version: '0.4.16',
121 silly resolved     description: 'JavaScript utils providing useful abstractions for working with collections, functions, objects.',
121 silly resolved     main: 'index.js',
121 silly resolved     dependencies: {},
121 silly resolved     devDependencies:
121 silly resolved      { 'doc-comments': '^0.1.1',
121 silly resolved        'expect.js': '*',
121 silly resolved        grunt: '^0.4.5',
121 silly resolved        'grunt-contrib-concat': '^0.5.0',
121 silly resolved        'grunt-contrib-uglify': '^0.6.0',
121 silly resolved        'lively.ast': '*',
121 silly resolved        mocha: '*',
121 silly resolved        'mocha-phantomjs': '*' },
121 silly resolved     scripts:
121 silly resolved      { test: 'node_modules/mocha/bin/mocha tests/*-test.js && node_modules/mocha-phantomjs/bin/mocha-phantomjs tests/run-tests.html',
121 silly resolved        doc: 'node -e "require(\'doc-comments\')({intoFiles: true, files: [\'lib/class.js\',\'lib/collection.js\',\'lib/date.js\',\'lib/events.js\',\'lib/function.js\',\'lib/graph.js\',\'lib/messenger.js\',\'lib/number.js\',\'lib/object.js\',\'lib/string.js\',\'lib/tree.js\',\'lib/worker.js\']})"' },
121 silly resolved     author: { name: 'Robert Krahn' },
121 silly resolved     license: 'MIT',
121 silly resolved     repository:
121 silly resolved      { type: 'git',
121 silly resolved        url: 'https://github.com/LivelyKernel/lively.lang' },
121 silly resolved     keywords: [ 'utilities', 'LivelyWeb', 'LivelyKernel' ],
121 silly resolved     bugs: { url: 'https://github.com/LivelyKernel/lively.lang/issues' },
121 silly resolved     homepage: 'https://github.com/LivelyKernel/lively.lang',
121 silly resolved     readme: '# lively.lang [![Build Status](https://travis-ci.org/LivelyKernel/lively.lang.svg?branch=master)](https://travis-ci.org/LivelyKernel/lively.lang)\n\n*What?* This project packages abstractions for JavaScript that proved to be useful in\nthe [Lively Web](http://lively-web.org) project. On first glance it might seem\nto be just another underscore.js library but apart from extensions to existing\nJavaScript objects and classes it also provides abstractions for asynchronous\ncode, new object representations, and functions for inspecting JavaScript\nobjects.\n\n*Why?* Make it easy to reuse abstractions we found helpful in all kinds of\ncontexts. All features can be used in browser environments and in node.js.\nActually, one motivation for this library was to have unified interfaces across\nJavaScript environments.\n\n*How?* By default the library is non-invasive, i.e. no global objects are\nmodified. To use provided functions you can either\n\n1. call them directly,\n2. use underscore.js-like chain/value wrapping,\n3. or install extension methods explicitly in global objects.\n\n## Summary\n\nJavaScript objects and classes that are extended:\n\n- Array\n- String\n- Number\n- Object\n- Function\n- Date\n\nAbstractions usually not included by default in JavaScript runtimes:\n\n- node.js-like event emitter interface (uses event module on node.js)\n- Path (property access in nested objects / arrays)\n- Interval\n- Grid\n- ArrayProjection\n- Closure\n- Class system that allows to change classes at runtime\n- Messengers (generic interface for remote-messaging)\n- Workers based on messengers\n\nPlease see the individual [doc files](doc/) for detailed information.\n\n<!---DOC_GENERATED_START--->\n### [class.js](doc/class.md)\n\nA lightweight class system that allows change classes at runtime.\n\n\n\n\n### [collection.js](doc/collection.md)\n\nMethods to make working with arrays more convenient and collection-like\nabstractions for groups, intervals, grids.\n\n\n\n\n### [date.js](doc/date.md)\n\nUtil functions to print and work with JS date objects.\n\n\n\n\n### [events.js](doc/events.md)\n\nA simple node.js-like cross-platform event emitter implementation.\n\n\n\n\n### [function.js](doc/function.md)\n\nAbstractions around first class functions like augmenting and inspecting\nfunctions as well as to control function calls like dealing with asynchronous\ncontrol flows.\n\n\n\n\n### [graph.js](doc/graph.md)\n\nComputation over graphs. Unless otherwise specified a graph is a simple JS\nobject whose properties are interpreted as nodes that refer to arrays whose\nelements describe edges. Example:\n```js\nvar testGraph = {\n"a": ["b", "c"],\n"b": ["c", "d", "e", "f"],\n"d": ["c", "f"],\n"e": ["a", "f"],\n"f": []\n}\n```\n\n\n\n\n### [messenger.js](doc/messenger.md)\n\nA pluggable interface to provide asynchronous, actor-like message\ncommunication between JavaScript systems. Provides a unified message protocol\nand send / receive methods.\n\n\n\n\n### [number.js](doc/number.md)\n\nUtility functions for JS Numbers.\n\n\n\n\n### [object.js](doc/object.md)\n\nUtility functions that help to inspect, enumerate, and create JS objects\n\n\n\n\n### [string.js](doc/string.md)\n\nString utility methods for printing, parsing, and converting strings.\n\n\n\n### [tree.js](doc/tree.md)\n\nMethods for traversing and transforming tree structures.\n\n\n\n\n### [worker.js](doc/worker.md)\n\nA platform-independent worker interface that will spawn new processes per\nworker (if the platform you use it on supports it).\n\n\n\n<!---DOC_GENERATED_END--->\n\n<!---\n## Usage\nTODO\n\n### Browsers\nTODO\n\n### node.js\nTODO\n--->\n\n## License\n\n[MIT License](LICENSE)\n\n### methods throttle and debounce in function.js\n\nadapted from Underscore.js 1.3.3\n© 2009-2012 Jeremy Ashkenas, DocumentCloud Inc.\nUnderscore is distributed under the MIT license.\n\n### dateFormat in date.js\n\nDate Format 1.2.3\n© 2007-2009 Steven Levithan <stevenlevithan.com>\nMIT license\nIncludes enhancements by Scott Trenda <scott.trenda.net>\nand Kris Kowal <cixar.com/~kris.kowal/>\n\n### serveral methods in object.js including `subclass()`\n\nare inspired or derived from Prototype JavaScript framework, version 1.6.0_rc1\n© 2005-2007 Sam Stephenson\nPrototype is freely distributable under the terms of an MIT-style license.\nFor details, see the Prototype web site: http://www.prototypejs.org/\n',
121 silly resolved     readmeFilename: 'README.md',
121 silly resolved     _id: 'lively.lang@0.4.16',
121 silly resolved     _from: 'lively.lang@^0.4.4' } ]
122 info install lively.ast@0.2.21 into /home/lively4/lively4/lively.lang/node_modules/doc-comments
123 info install lively.lang@0.4.16 into /home/lively4/lively4/lively.lang/node_modules/doc-comments
124 info installOne lively.ast@0.2.21
125 info installOne lively.lang@0.4.16
126 info /home/lively4/lively4/lively.lang/node_modules/doc-comments/node_modules/lively.ast unbuild
127 info /home/lively4/lively4/lively.lang/node_modules/doc-comments/node_modules/lively.lang unbuild
128 verbose tar unpack /home/lively4/.npm/lively.ast/0.2.21/package.tgz
129 silly lockFile 1081690d-comments-node-modules-lively-ast tar:///home/lively4/lively4/lively.lang/node_modules/doc-comments/node_modules/lively.ast
130 verbose lock tar:///home/lively4/lively4/lively.lang/node_modules/doc-comments/node_modules/lively.ast /home/lively4/.npm/1081690d-comments-node-modules-lively-ast.lock
131 silly lockFile 86f76bc0-pm-lively-ast-0-2-21-package-tgz tar:///home/lively4/.npm/lively.ast/0.2.21/package.tgz
132 verbose lock tar:///home/lively4/.npm/lively.ast/0.2.21/package.tgz /home/lively4/.npm/86f76bc0-pm-lively-ast-0-2-21-package-tgz.lock
133 verbose tar unpack /home/lively4/.npm/lively.lang/0.4.16/package.tgz
134 silly lockFile 1527d2aa-omments-node-modules-lively-lang tar:///home/lively4/lively4/lively.lang/node_modules/doc-comments/node_modules/lively.lang
135 verbose lock tar:///home/lively4/lively4/lively.lang/node_modules/doc-comments/node_modules/lively.lang /home/lively4/.npm/1527d2aa-omments-node-modules-lively-lang.lock
136 silly lockFile faa1ea81-m-lively-lang-0-4-16-package-tgz tar:///home/lively4/.npm/lively.lang/0.4.16/package.tgz
137 verbose lock tar:///home/lively4/.npm/lively.lang/0.4.16/package.tgz /home/lively4/.npm/faa1ea81-m-lively-lang-0-4-16-package-tgz.lock
138 silly gunzTarPerm modes [ '755', '644' ]
139 silly gunzTarPerm modes [ '755', '644' ]
140 silly gunzTarPerm extractEntry package.json
141 silly gunzTarPerm extractEntry package.json
142 silly gunzTarPerm extractEntry .npmignore
143 silly gunzTarPerm extractEntry README.md
144 silly gunzTarPerm extractEntry .npmignore
145 silly gunzTarPerm extractEntry README.md
146 silly gunzTarPerm extractEntry acorn-jsx-browser.js
147 silly gunzTarPerm extractEntry env.js
148 silly gunzTarPerm extractEntry LICENSE
149 silly gunzTarPerm extractEntry Gruntfile.js
150 silly gunzTarPerm extractEntry escodegen.browser.js
151 silly gunzTarPerm extractEntry lively.lang.min.js
152 silly gunzTarPerm extractEntry escodegen.browser.min.js
153 silly gunzTarPerm extractEntry generate-doc.js
154 silly gunzTarPerm extractEntry index.js
155 silly gunzTarPerm extractEntry lively.lang.dev.js
156 silly gunzTarPerm extractEntry lively-runtime.js
157 silly gunzTarPerm extractEntry index.js
158 silly gunzTarPerm extractEntry lib/base.js
159 silly gunzTarPerm extractEntry lib/date.js
160 silly gunzTarPerm extractEntry lib/events.js
161 silly gunzTarPerm extractEntry lib/function.js
162 silly gunzTarPerm extractEntry lib/graph.js
163 silly gunzTarPerm extractEntry lib/collection.js
164 silly gunzTarPerm extractEntry lib/number.js
165 silly gunzTarPerm extractEntry lively.ast.min.js
166 silly gunzTarPerm extractEntry lively.ast.dev-bundle.js
167 silly gunzTarPerm extractEntry lively.ast.min-bundle.js
168 silly gunzTarPerm extractEntry Gruntfile.js
169 silly gunzTarPerm extractEntry lib/object.js
170 silly gunzTarPerm extractEntry lib/sequence.js
171 silly gunzTarPerm extractEntry lib/string.js
172 silly gunzTarPerm extractEntry lib/tree.js
173 silly gunzTarPerm extractEntry lively.ast.dev.js
174 silly gunzTarPerm extractEntry lib/class.js
175 silly gunzTarPerm extractEntry lib/worker.js
176 silly gunzTarPerm extractEntry grunt-browserify-inlinerequire.js
177 silly gunzTarPerm extractEntry lib/messenger.js
178 silly gunzTarPerm extractEntry .travis.yml
179 silly gunzTarPerm extractEntry lively.lang.dev.js.map
180 silly gunzTarPerm extractEntry doc/messenger.md
181 silly gunzTarPerm extractEntry doc/class.md
182 silly gunzTarPerm extractEntry doc/date.md
183 silly gunzTarPerm extractEntry doc/events.md
184 silly gunzTarPerm extractEntry doc/function.md
185 silly gunzTarPerm extractEntry doc/graph.md
186 silly gunzTarPerm extractEntry doc/collection.md
187 silly gunzTarPerm extractEntry doc/number.md
188 silly gunzTarPerm extractEntry doc/object.md
189 silly gunzTarPerm extractEntry doc/string.md
190 silly gunzTarPerm extractEntry doc/tree.md
191 silly gunzTarPerm extractEntry lively-runtime.js
192 silly gunzTarPerm extractEntry lively.ast.dev.js.map
193 silly gunzTarPerm extractEntry doc/worker.md
194 silly gunzTarPerm extractEntry lively.lang.min.js.map
195 silly gunzTarPerm extractEntry TODO.md
196 silly gunzTarPerm extractEntry tests/class-test.js
197 silly gunzTarPerm extractEntry tests/events-test.js
198 silly gunzTarPerm extractEntry tests/function-test.js
199 silly gunzTarPerm extractEntry tests/graph-test.js
200 silly gunzTarPerm extractEntry tests/date-test.js
201 silly gunzTarPerm extractEntry tests/usage-test.js
202 silly gunzTarPerm extractEntry tests/number-test.js
203 silly gunzTarPerm extractEntry tests/object-test.js
204 silly gunzTarPerm extractEntry tests/tree-test.js
205 silly gunzTarPerm extractEntry tests/sequence-test.js
206 silly gunzTarPerm extractEntry tests/collection-test.js
207 silly gunzTarPerm extractEntry tests/string-test.js
208 silly gunzTarPerm extractEntry lively.ast.dev-bundle.js.map
209 silly gunzTarPerm extractEntry tests/helper.js
210 silly gunzTarPerm extractEntry tests/worker-test.js
211 silly gunzTarPerm extractEntry tests/messenger-test.js
212 silly gunzTarPerm extractEntry tests/run-tests.html
213 silly gunzTarPerm extractEntry tests/collection-benchmark.html
214 silly gunzTarPerm extractEntry lively.ast.min-bundle.js.map
215 silly gunzTarPerm extractEntry .travis.yml
216 silly gunzTarPerm extractEntry lively.ast.min.js.map
217 silly gunzTarPerm extractEntry notes.md
218 silly lockFile 1527d2aa-omments-node-modules-lively-lang tar:///home/lively4/lively4/lively.lang/node_modules/doc-comments/node_modules/lively.lang
219 silly lockFile 1527d2aa-omments-node-modules-lively-lang tar:///home/lively4/lively4/lively.lang/node_modules/doc-comments/node_modules/lively.lang
220 silly lockFile faa1ea81-m-lively-lang-0-4-16-package-tgz tar:///home/lively4/.npm/lively.lang/0.4.16/package.tgz
221 silly lockFile faa1ea81-m-lively-lang-0-4-16-package-tgz tar:///home/lively4/.npm/lively.lang/0.4.16/package.tgz
222 info preinstall lively.lang@0.4.16
223 verbose readDependencies using package.json deps
224 verbose readDependencies using package.json deps
225 silly resolved []
226 verbose about to build /home/lively4/lively4/lively.lang/node_modules/doc-comments/node_modules/lively.lang
227 info build /home/lively4/lively4/lively.lang/node_modules/doc-comments/node_modules/lively.lang
228 verbose linkStuff [ false,
228 verbose linkStuff   false,
228 verbose linkStuff   false,
228 verbose linkStuff   '/home/lively4/lively4/lively.lang/node_modules/doc-comments/node_modules' ]
229 info linkStuff lively.lang@0.4.16
230 verbose linkBins lively.lang@0.4.16
231 verbose linkMans lively.lang@0.4.16
232 verbose rebuildBundles lively.lang@0.4.16
233 info install lively.lang@0.4.16
234 info postinstall lively.lang@0.4.16
235 silly gunzTarPerm extractEntry lib/acorn-extension.js
236 silly gunzTarPerm extractEntry lib/code-categorizer.js
237 silly gunzTarPerm extractEntry lib/comments.js
238 silly gunzTarPerm extractEntry lib/mozilla-ast-visitor-interface.js
239 silly gunzTarPerm extractEntry lib/mozilla-ast-visitors.js
240 silly gunzTarPerm extractEntry lib/query.js
241 silly gunzTarPerm extractEntry lib/transform.js
242 silly gunzTarPerm extractEntry tests/acorn-extension-test.js
243 silly gunzTarPerm extractEntry tests/code-categorizer-test.js
244 silly gunzTarPerm extractEntry tests/comments-test.js
245 silly gunzTarPerm extractEntry tests/es6-test.js
246 silly gunzTarPerm extractEntry tests/helper.js
247 silly gunzTarPerm extractEntry tests/interface-test.js
248 silly gunzTarPerm extractEntry tests/chai-bundle.js
249 silly gunzTarPerm extractEntry tests/mocha-bundle.js
250 silly gunzTarPerm extractEntry tests/query-test.js
251 silly gunzTarPerm extractEntry tests/mocha-bundle.min.js
252 silly gunzTarPerm extractEntry tests/transform-test.js
253 silly gunzTarPerm extractEntry tests/jsx-test.js
254 silly gunzTarPerm extractEntry tests/mocha-bundle.js.map
255 silly gunzTarPerm extractEntry tests/run-tests.html
256 silly lockFile 1081690d-comments-node-modules-lively-ast tar:///home/lively4/lively4/lively.lang/node_modules/doc-comments/node_modules/lively.ast
257 silly lockFile 1081690d-comments-node-modules-lively-ast tar:///home/lively4/lively4/lively.lang/node_modules/doc-comments/node_modules/lively.ast
258 silly lockFile 86f76bc0-pm-lively-ast-0-2-21-package-tgz tar:///home/lively4/.npm/lively.ast/0.2.21/package.tgz
259 silly lockFile 86f76bc0-pm-lively-ast-0-2-21-package-tgz tar:///home/lively4/.npm/lively.ast/0.2.21/package.tgz
260 info preinstall lively.ast@0.2.21
261 verbose readDependencies using package.json deps
262 verbose readDependencies using package.json deps
263 verbose cache add [ 'acorn@^2.7.0', null ]
264 verbose cache add name=undefined spec="acorn@^2.7.0" args=["acorn@^2.7.0",null]
265 verbose parsed url { protocol: null,
265 verbose parsed url   slashes: null,
265 verbose parsed url   auth: null,
265 verbose parsed url   host: null,
265 verbose parsed url   port: null,
265 verbose parsed url   hostname: null,
265 verbose parsed url   hash: null,
265 verbose parsed url   search: null,
265 verbose parsed url   query: null,
265 verbose parsed url   pathname: 'acorn@^2.7.0',
265 verbose parsed url   path: 'acorn@^2.7.0',
265 verbose parsed url   href: 'acorn@^2.7.0' }
266 verbose cache add name="acorn" spec="^2.7.0" args=["acorn","^2.7.0"]
267 verbose parsed url { protocol: null,
267 verbose parsed url   slashes: null,
267 verbose parsed url   auth: null,
267 verbose parsed url   host: null,
267 verbose parsed url   port: null,
267 verbose parsed url   hostname: null,
267 verbose parsed url   hash: null,
267 verbose parsed url   search: null,
267 verbose parsed url   query: null,
267 verbose parsed url   pathname: '^2.7.0',
267 verbose parsed url   path: '^2.7.0',
267 verbose parsed url   href: '^2.7.0' }
268 verbose addNamed [ 'acorn', '^2.7.0' ]
269 verbose addNamed [ null, '>=2.7.0-0 <3.0.0-0' ]
270 silly lockFile 9f8687d1-acorn-2-7-0 acorn@^2.7.0
271 verbose lock acorn@^2.7.0 /home/lively4/.npm/9f8687d1-acorn-2-7-0.lock
272 verbose cache add [ 'acorn-jsx@^2.0', null ]
273 verbose cache add name=undefined spec="acorn-jsx@^2.0" args=["acorn-jsx@^2.0",null]
274 verbose parsed url { protocol: null,
274 verbose parsed url   slashes: null,
274 verbose parsed url   auth: null,
274 verbose parsed url   host: null,
274 verbose parsed url   port: null,
274 verbose parsed url   hostname: null,
274 verbose parsed url   hash: null,
274 verbose parsed url   search: null,
274 verbose parsed url   query: null,
274 verbose parsed url   pathname: 'acorn-jsx@^2.0',
274 verbose parsed url   path: 'acorn-jsx@^2.0',
274 verbose parsed url   href: 'acorn-jsx@^2.0' }
275 verbose cache add name="acorn-jsx" spec="^2.0" args=["acorn-jsx","^2.0"]
276 verbose parsed url { protocol: null,
276 verbose parsed url   slashes: null,
276 verbose parsed url   auth: null,
276 verbose parsed url   host: null,
276 verbose parsed url   port: null,
276 verbose parsed url   hostname: null,
276 verbose parsed url   hash: null,
276 verbose parsed url   search: null,
276 verbose parsed url   query: null,
276 verbose parsed url   pathname: '^2.0',
276 verbose parsed url   path: '^2.0',
276 verbose parsed url   href: '^2.0' }
277 verbose addNamed [ 'acorn-jsx', '^2.0' ]
278 verbose addNamed [ null, '>=2.0.0-0 <3.0.0-0' ]
279 silly lockFile 6107914f-acorn-jsx-2-0 acorn-jsx@^2.0
280 verbose lock acorn-jsx@^2.0 /home/lively4/.npm/6107914f-acorn-jsx-2-0.lock
281 verbose cache add [ 'escodegen@^1.8.0', null ]
282 verbose cache add name=undefined spec="escodegen@^1.8.0" args=["escodegen@^1.8.0",null]
283 verbose parsed url { protocol: null,
283 verbose parsed url   slashes: null,
283 verbose parsed url   auth: null,
283 verbose parsed url   host: null,
283 verbose parsed url   port: null,
283 verbose parsed url   hostname: null,
283 verbose parsed url   hash: null,
283 verbose parsed url   search: null,
283 verbose parsed url   query: null,
283 verbose parsed url   pathname: 'escodegen@^1.8.0',
283 verbose parsed url   path: 'escodegen@^1.8.0',
283 verbose parsed url   href: 'escodegen@^1.8.0' }
284 verbose cache add name="escodegen" spec="^1.8.0" args=["escodegen","^1.8.0"]
285 verbose parsed url { protocol: null,
285 verbose parsed url   slashes: null,
285 verbose parsed url   auth: null,
285 verbose parsed url   host: null,
285 verbose parsed url   port: null,
285 verbose parsed url   hostname: null,
285 verbose parsed url   hash: null,
285 verbose parsed url   search: null,
285 verbose parsed url   query: null,
285 verbose parsed url   pathname: '^1.8.0',
285 verbose parsed url   path: '^1.8.0',
285 verbose parsed url   href: '^1.8.0' }
286 verbose addNamed [ 'escodegen', '^1.8.0' ]
287 verbose addNamed [ null, '>=1.8.0-0 <2.0.0-0' ]
288 silly lockFile 2932c6a9-escodegen-1-8-0 escodegen@^1.8.0
289 verbose lock escodegen@^1.8.0 /home/lively4/.npm/2932c6a9-escodegen-1-8-0.lock
290 verbose cache add [ 'lively.lang@^0.5.7', null ]
291 verbose cache add name=undefined spec="lively.lang@^0.5.7" args=["lively.lang@^0.5.7",null]
292 verbose parsed url { protocol: null,
292 verbose parsed url   slashes: null,
292 verbose parsed url   auth: null,
292 verbose parsed url   host: null,
292 verbose parsed url   port: null,
292 verbose parsed url   hostname: null,
292 verbose parsed url   hash: null,
292 verbose parsed url   search: null,
292 verbose parsed url   query: null,
292 verbose parsed url   pathname: 'lively.lang@^0.5.7',
292 verbose parsed url   path: 'lively.lang@^0.5.7',
292 verbose parsed url   href: 'lively.lang@^0.5.7' }
293 verbose cache add name="lively.lang" spec="^0.5.7" args=["lively.lang","^0.5.7"]
294 verbose parsed url { protocol: null,
294 verbose parsed url   slashes: null,
294 verbose parsed url   auth: null,
294 verbose parsed url   host: null,
294 verbose parsed url   port: null,
294 verbose parsed url   hostname: null,
294 verbose parsed url   hash: null,
294 verbose parsed url   search: null,
294 verbose parsed url   query: null,
294 verbose parsed url   pathname: '^0.5.7',
294 verbose parsed url   path: '^0.5.7',
294 verbose parsed url   href: '^0.5.7' }
295 verbose addNamed [ 'lively.lang', '^0.5.7' ]
296 verbose addNamed [ null, '>=0.5.7-0 <0.6.0-0' ]
297 silly lockFile 5a86d6a7-lively-lang-0-5-7 lively.lang@^0.5.7
298 verbose lock lively.lang@^0.5.7 /home/lively4/.npm/5a86d6a7-lively-lang-0-5-7.lock
299 silly addNameRange { name: 'acorn', range: '>=2.7.0-0 <3.0.0-0', hasData: false }
300 silly addNameRange { name: 'acorn-jsx',
300 silly addNameRange   range: '>=2.0.0-0 <3.0.0-0',
300 silly addNameRange   hasData: false }
301 silly addNameRange { name: 'escodegen',
301 silly addNameRange   range: '>=1.8.0-0 <2.0.0-0',
301 silly addNameRange   hasData: false }
302 silly addNameRange { name: 'lively.lang',
302 silly addNameRange   range: '>=0.5.7-0 <0.6.0-0',
302 silly addNameRange   hasData: false }
303 verbose url raw acorn
304 verbose url resolving [ 'https://registry.npmjs.org/', './acorn' ]
305 verbose url resolved https://registry.npmjs.org/acorn
306 info trying registry request attempt 1 at 13:01:36
307 verbose etag "1Q3AWG04IQZUTDPSJB5ADR3P7"
308 http GET https://registry.npmjs.org/acorn
309 verbose url raw acorn-jsx
310 verbose url resolving [ 'https://registry.npmjs.org/', './acorn-jsx' ]
311 verbose url resolved https://registry.npmjs.org/acorn-jsx
312 info trying registry request attempt 1 at 13:01:36
313 verbose etag "EG9I0LBEHWKBGDOU3HHNY7481"
314 http GET https://registry.npmjs.org/acorn-jsx
315 verbose url raw escodegen
316 verbose url resolving [ 'https://registry.npmjs.org/', './escodegen' ]
317 verbose url resolved https://registry.npmjs.org/escodegen
318 info trying registry request attempt 1 at 13:01:36
319 verbose etag "ALBJ2KS4T4H2XNVKLOIS7BNB6"
320 http GET https://registry.npmjs.org/escodegen
321 verbose registry.get lively.lang not expired, no request
322 silly addNameRange number 2 { name: 'lively.lang',
322 silly addNameRange   range: '>=0.5.7-0 <0.6.0-0',
322 silly addNameRange   hasData: true }
323 silly addNameRange versions [ 'lively.lang',
323 silly addNameRange   [ '0.2.0',
323 silly addNameRange     '0.2.1',
323 silly addNameRange     '0.2.2',
323 silly addNameRange     '0.2.4',
323 silly addNameRange     '0.2.5',
323 silly addNameRange     '0.3.0',
323 silly addNameRange     '0.3.3',
323 silly addNameRange     '0.3.5',
323 silly addNameRange     '0.4.0',
323 silly addNameRange     '0.4.1',
323 silly addNameRange     '0.4.2',
323 silly addNameRange     '0.4.3',
323 silly addNameRange     '0.4.4',
323 silly addNameRange     '0.4.5',
323 silly addNameRange     '0.4.6',
323 silly addNameRange     '0.4.7',
323 silly addNameRange     '0.4.8',
323 silly addNameRange     '0.4.9',
323 silly addNameRange     '0.4.10',
323 silly addNameRange     '0.4.11',
323 silly addNameRange     '0.4.12',
323 silly addNameRange     '0.4.13',
323 silly addNameRange     '0.4.14',
323 silly addNameRange     '0.4.15',
323 silly addNameRange     '0.4.16',
323 silly addNameRange     '0.5.0',
323 silly addNameRange     '0.5.1',
323 silly addNameRange     '0.5.2',
323 silly addNameRange     '0.5.3',
323 silly addNameRange     '0.5.4',
323 silly addNameRange     '0.5.5',
323 silly addNameRange     '0.5.6',
323 silly addNameRange     '0.5.7',
323 silly addNameRange     '0.5.8',
323 silly addNameRange     '0.5.9',
323 silly addNameRange     '0.5.10',
323 silly addNameRange     '0.5.11',
323 silly addNameRange     '0.5.12',
323 silly addNameRange     '0.5.13',
323 silly addNameRange     '0.5.14',
323 silly addNameRange     '0.5.15',
323 silly addNameRange     '0.5.16',
323 silly addNameRange     '0.5.17',
323 silly addNameRange     '0.5.18',
323 silly addNameRange     '0.5.19',
323 silly addNameRange     '0.5.20',
323 silly addNameRange     '0.5.21' ] ]
324 verbose addNamed [ 'lively.lang', '0.5.21' ]
325 verbose addNamed [ '0.5.21', '0.5.21' ]
326 silly lockFile 42565731-lively-lang-0-5-21 lively.lang@0.5.21
327 verbose lock lively.lang@0.5.21 /home/lively4/.npm/42565731-lively-lang-0-5-21.lock
328 silly lockFile 42565731-lively-lang-0-5-21 lively.lang@0.5.21
329 silly lockFile 42565731-lively-lang-0-5-21 lively.lang@0.5.21
330 silly lockFile 5a86d6a7-lively-lang-0-5-7 lively.lang@^0.5.7
331 silly lockFile 5a86d6a7-lively-lang-0-5-7 lively.lang@^0.5.7
332 http 304 https://registry.npmjs.org/acorn
333 silly registry.get cb [ 304,
333 silly registry.get   { date: 'Tue, 26 Apr 2016 11:05:52 GMT',
333 silly registry.get     via: '1.1 varnish',
333 silly registry.get     'cache-control': 'max-age=300',
333 silly registry.get     etag: '"1Q3AWG04IQZUTDPSJB5ADR3P7"',
333 silly registry.get     age: '33',
333 silly registry.get     connection: 'keep-alive',
333 silly registry.get     'x-served-by': 'cache-fra1235-FRA',
333 silly registry.get     'x-cache': 'HIT',
333 silly registry.get     'x-cache-hits': '1',
333 silly registry.get     'x-timer': 'S1461668752.548746,VS0,VE0',
333 silly registry.get     vary: 'Accept-Encoding' } ]
334 verbose etag acorn from cache
335 http 304 https://registry.npmjs.org/escodegen
336 silly registry.get cb [ 304,
336 silly registry.get   { date: 'Tue, 26 Apr 2016 11:05:52 GMT',
336 silly registry.get     via: '1.1 varnish',
336 silly registry.get     'cache-control': 'max-age=300',
336 silly registry.get     etag: '"ALBJ2KS4T4H2XNVKLOIS7BNB6"',
336 silly registry.get     age: '292',
336 silly registry.get     connection: 'keep-alive',
336 silly registry.get     'x-served-by': 'cache-fra1225-FRA',
336 silly registry.get     'x-cache': 'HIT',
336 silly registry.get     'x-cache-hits': '2',
336 silly registry.get     'x-timer': 'S1461668752.558547,VS0,VE0',
336 silly registry.get     vary: 'Accept-Encoding' } ]
337 verbose etag escodegen from cache
338 silly addNameRange number 2 { name: 'acorn', range: '>=2.7.0-0 <3.0.0-0', hasData: true }
339 silly addNameRange versions [ 'acorn',
339 silly addNameRange   [ '0.0.1',
339 silly addNameRange     '0.1.0',
339 silly addNameRange     '0.2.0',
339 silly addNameRange     '0.3.0',
339 silly addNameRange     '0.3.1',
339 silly addNameRange     '0.4.0',
339 silly addNameRange     '0.4.2',
339 silly addNameRange     '0.5.0',
339 silly addNameRange     '0.6.0',
339 silly addNameRange     '0.7.0',
339 silly addNameRange     '0.8.0',
339 silly addNameRange     '0.9.0',
339 silly addNameRange     '0.10.0',
339 silly addNameRange     '0.11.0',
339 silly addNameRange     '0.12.0',
339 silly addNameRange     '1.0.0',
339 silly addNameRange     '1.0.1',
339 silly addNameRange     '1.0.3',
339 silly addNameRange     '1.1.0',
339 silly addNameRange     '1.2.0',
339 silly addNameRange     '2.0.0',
339 silly addNameRange     '1.2.1',
339 silly addNameRange     '2.0.1',
339 silly addNameRange     '1.2.2',
339 silly addNameRange     '2.0.4',
339 silly addNameRange     '2.1.0',
339 silly addNameRange     '2.2.0',
339 silly addNameRange     '2.3.0',
339 silly addNameRange     '2.4.0',
339 silly addNameRange     '2.5.0',
339 silly addNameRange     '2.5.2',
339 silly addNameRange     '2.6.0',
339 silly addNameRange     '2.6.2',
339 silly addNameRange     '2.6.4',
339 silly addNameRange     '2.7.0',
339 silly addNameRange     '3.0.0',
339 silly addNameRange     '3.0.2',
339 silly addNameRange     '3.0.4',
339 silly addNameRange     '3.1.0' ] ]
340 verbose addNamed [ 'acorn', '2.7.0' ]
341 verbose addNamed [ '2.7.0', '2.7.0' ]
342 silly lockFile a227eaab-acorn-2-7-0 acorn@2.7.0
343 verbose lock acorn@2.7.0 /home/lively4/.npm/a227eaab-acorn-2-7-0.lock
344 silly addNameRange number 2 { name: 'escodegen', range: '>=1.8.0-0 <2.0.0-0', hasData: true }
345 silly addNameRange versions [ 'escodegen',
345 silly addNameRange   [ '0.0.1',
345 silly addNameRange     '0.0.2',
345 silly addNameRange     '0.0.3',
345 silly addNameRange     '0.0.4',
345 silly addNameRange     '0.0.5',
345 silly addNameRange     '0.0.6',
345 silly addNameRange     '0.0.7',
345 silly addNameRange     '0.0.8',
345 silly addNameRange     '0.0.9',
345 silly addNameRange     '0.0.10',
345 silly addNameRange     '0.0.11',
345 silly addNameRange     '0.0.12',
345 silly addNameRange     '0.0.14',
345 silly addNameRange     '0.0.15',
345 silly addNameRange     '0.0.16',
345 silly addNameRange     '0.0.17',
345 silly addNameRange     '0.0.18',
345 silly addNameRange     '0.0.19',
345 silly addNameRange     '0.0.20',
345 silly addNameRange     '0.0.21',
345 silly addNameRange     '0.0.22',
345 silly addNameRange     '0.0.23',
345 silly addNameRange     '0.0.24',
345 silly addNameRange     '0.0.25',
345 silly addNameRange     '0.0.26',
345 silly addNameRange     '0.0.27',
345 silly addNameRange     '0.0.28',
345 silly addNameRange     '1.0.0',
345 silly addNameRange     '1.0.1',
345 silly addNameRange     '1.1.0',
345 silly addNameRange     '1.2.0',
345 silly addNameRange     '1.3.0',
345 silly addNameRange     '1.3.1',
345 silly addNameRange     '1.3.2',
345 silly addNameRange     '1.3.3',
345 silly addNameRange     '1.4.0',
345 silly addNameRange     '1.4.1',
345 silly addNameRange     '1.4.2',
345 silly addNameRange     '1.4.3',
345 silly addNameRange     '1.5.0',
345 silly addNameRange     '1.6.0',
345 silly addNameRange     '1.6.1',
345 silly addNameRange     '1.7.0',
345 silly addNameRange     '1.7.1',
345 silly addNameRange     '1.8.0' ] ]
346 verbose addNamed [ 'escodegen', '1.8.0' ]
347 verbose addNamed [ '1.8.0', '1.8.0' ]
348 silly lockFile 390278c2-escodegen-1-8-0 escodegen@1.8.0
349 verbose lock escodegen@1.8.0 /home/lively4/.npm/390278c2-escodegen-1-8-0.lock
350 silly lockFile 390278c2-escodegen-1-8-0 escodegen@1.8.0
351 silly lockFile 390278c2-escodegen-1-8-0 escodegen@1.8.0
352 silly lockFile 2932c6a9-escodegen-1-8-0 escodegen@^1.8.0
353 silly lockFile 2932c6a9-escodegen-1-8-0 escodegen@^1.8.0
354 silly lockFile a227eaab-acorn-2-7-0 acorn@2.7.0
355 silly lockFile a227eaab-acorn-2-7-0 acorn@2.7.0
356 silly lockFile 9f8687d1-acorn-2-7-0 acorn@^2.7.0
357 silly lockFile 9f8687d1-acorn-2-7-0 acorn@^2.7.0
358 http 304 https://registry.npmjs.org/acorn-jsx
359 silly registry.get cb [ 304,
359 silly registry.get   { date: 'Tue, 26 Apr 2016 11:05:52 GMT',
359 silly registry.get     via: '1.1 varnish',
359 silly registry.get     'cache-control': 'max-age=300',
359 silly registry.get     etag: '"EG9I0LBEHWKBGDOU3HHNY7481"',
359 silly registry.get     age: '0',
359 silly registry.get     connection: 'keep-alive',
359 silly registry.get     'x-served-by': 'cache-fra1231-FRA',
359 silly registry.get     'x-cache': 'HIT',
359 silly registry.get     'x-cache-hits': '1',
359 silly registry.get     'x-timer': 'S1461668752.555442,VS0,VE107',
359 silly registry.get     vary: 'Accept-Encoding' } ]
360 verbose etag acorn-jsx from cache
361 silly addNameRange number 2 { name: 'acorn-jsx', range: '>=2.0.0-0 <3.0.0-0', hasData: true }
362 silly addNameRange versions [ 'acorn-jsx',
362 silly addNameRange   [ '0.6.1',
362 silly addNameRange     '0.6.1-1',
362 silly addNameRange     '0.6.1-2',
362 silly addNameRange     '0.6.1-3',
362 silly addNameRange     '0.7.1-2',
362 silly addNameRange     '0.7.1-3',
362 silly addNameRange     '0.9.1-1',
362 silly addNameRange     '0.9.1-2',
362 silly addNameRange     '0.9.1-3',
362 silly addNameRange     '0.9.1-4',
362 silly addNameRange     '0.9.1-5',
362 silly addNameRange     '0.9.1-6',
362 silly addNameRange     '0.9.1-7',
362 silly addNameRange     '0.9.1-8',
362 silly addNameRange     '0.11.1-1',
362 silly addNameRange     '0.11.1-2',
362 silly addNameRange     '0.11.1-3',
362 silly addNameRange     '0.11.1-4',
362 silly addNameRange     '1.0.0',
362 silly addNameRange     '1.0.1',
362 silly addNameRange     '1.0.2',
362 silly addNameRange     '1.0.3',
362 silly addNameRange     '2.0.0',
362 silly addNameRange     '2.0.1',
362 silly addNameRange     '3.0.0' ] ]
363 verbose addNamed [ 'acorn-jsx', '2.0.1' ]
364 verbose addNamed [ '2.0.1', '2.0.1' ]
365 silly lockFile 49a874db-acorn-jsx-2-0-1 acorn-jsx@2.0.1
366 verbose lock acorn-jsx@2.0.1 /home/lively4/.npm/49a874db-acorn-jsx-2-0-1.lock
367 silly lockFile 49a874db-acorn-jsx-2-0-1 acorn-jsx@2.0.1
368 silly lockFile 49a874db-acorn-jsx-2-0-1 acorn-jsx@2.0.1
369 silly lockFile 6107914f-acorn-jsx-2-0 acorn-jsx@^2.0
370 silly lockFile 6107914f-acorn-jsx-2-0 acorn-jsx@^2.0
371 silly resolved [ { name: 'lively.lang',
371 silly resolved     version: '0.5.21',
371 silly resolved     description: 'JavaScript utils providing useful abstractions for working with collections, functions, objects.',
371 silly resolved     main: 'index.js',
371 silly resolved     systemjs: { main: 'index.js', meta: [Object], map: [Object] },
371 silly resolved     libFiles:
371 silly resolved      [ 'lib/base.js',
371 silly resolved        'lib/object.js',
371 silly resolved        'lib/class.js',
371 silly resolved        'lib/collection.js',
371 silly resolved        'lib/sequence.js',
371 silly resolved        'lib/tree.js',
371 silly resolved        'lib/function.js',
371 silly resolved        'lib/string.js',
371 silly resolved        'lib/number.js',
371 silly resolved        'lib/date.js',
371 silly resolved        'lib/promise.js',
371 silly resolved        'lib/events.js',
371 silly resolved        'lib/graph.js',
371 silly resolved        'lib/messenger.js',
371 silly resolved        'lib/worker.js' ],
371 silly resolved     dependencies: {},
371 silly resolved     devDependencies:
371 silly resolved      { 'doc-comments': '^0.1.2',
371 silly resolved        'babel-core': '^5.8.35',
371 silly resolved        'uglify-js': '^2.6.1',
371 silly resolved        'expect.js': '*',
371 silly resolved        mocha: '*',
371 silly resolved        'mocha-phantomjs-core': '^1.3.0' },
371 silly resolved     scripts:
371 silly resolved      { test: 'node_modules/mocha/bin/mocha tests/*-test.js && phantomjs node_modules/mocha-phantomjs-core/mocha-phantomjs-core.js tests/run-tests.html spec \'{"useColors":false}\'',
371 silly resolved        doc: 'node -e "require(\'doc-comments\')({intoFiles: true, files: JSON.parse(require(\'fs\').readFileSync(\'./package.json\')).libFiles.filter(ea => ea !== \'lib/base.js\')})"',
371 silly resolved        build: 'node build.js' },
371 silly resolved     author: { name: 'Robert Krahn' },
371 silly resolved     license: 'MIT',
371 silly resolved     repository:
371 silly resolved      { type: 'git',
371 silly resolved        url: 'https://github.com/LivelyKernel/lively.lang' },
371 silly resolved     keywords: [ 'utilities', 'LivelyWeb', 'LivelyKernel' ],
371 silly resolved     bugs: { url: 'https://github.com/LivelyKernel/lively.lang/issues' },
371 silly resolved     homepage: 'https://github.com/LivelyKernel/lively.lang',
371 silly resolved     readme: '# lively.lang [![Build Status](https://travis-ci.org/LivelyKernel/lively.lang.svg?branch=master)](https://travis-ci.org/LivelyKernel/lively.lang)\n\n*What?* This project packages abstractions for JavaScript that proved to be useful in\nthe [Lively Web](http://lively-web.org) project. On first glance it might seem\nto be just another underscore.js library but apart from extensions to existing\nJavaScript objects and classes it also provides abstractions for asynchronous\ncode, new object representations, and functions for inspecting JavaScript\nobjects.\n\n*Why?* Make it easy to reuse abstractions we found helpful in all kinds of\ncontexts. All features can be used in browser environments and in node.js.\nActually, one motivation for this library was to have unified interfaces across\nJavaScript environments.\n\n*How?* By default the library is non-invasive, i.e. no global objects are\nmodified. To use provided functions you can either\n\n1. call them directly,\n2. use underscore.js-like chain/value wrapping,\n3. or install extension methods explicitly in global objects.\n\n## Summary\n\nJavaScript objects and classes that are extended:\n\n- Array\n- String\n- Number\n- Object\n- Function\n- Date\n\nAbstractions usually not included by default in JavaScript runtimes:\n\n- node.js-like event emitter interface (uses event module on node.js)\n- Path (property access in nested objects / arrays)\n- Interval\n- Grid\n- ArrayProjection\n- Closure\n- Class system that allows to change classes at runtime\n- Messengers (generic interface for remote-messaging)\n- Workers based on messengers\n\nPlease see the individual [doc files](doc/) for detailed information.\n\n<!---DOC_GENERATED_START--->\n### [object.js](doc/object.md)\n\nUtility functions that help to inspect, enumerate, and create JS objects\n\n\n\n\n### [class.js](doc/class.md)\n\nA lightweight class system that allows change classes at runtime.\n\n\n\n\n### [collection.js](doc/collection.md)\n\nMethods to make working with arrays more convenient and collection-like\nabstractions for groups, intervals, grids.\n\n\n\n\n### [sequence.js](doc/sequence.md)\n\nGenerator-based sequences\n\n\n\n\n### [tree.js](doc/tree.md)\n\nMethods for traversing and transforming tree structures.\n\n\n\n\n### [function.js](doc/function.md)\n\nAbstractions around first class functions like augmenting and inspecting\nfunctions as well as to control function calls like dealing with asynchronous\ncontrol flows.\n\n\n\n\n### [string.js](doc/string.md)\n\nString utility methods for printing, parsing, and converting strings.\n\n\n\n### [number.js](doc/number.md)\n\nUtility functions for JS Numbers.\n\n\n\n\n### [date.js](doc/date.md)\n\nUtil functions to print and work with JS date objects.\n\n\n\n\n### [promise.js](doc/promise.md)\n\nMethods helping with promises (Promise/A+ model). Not a promise shim.\n\n\n\n\n### [events.js](doc/events.md)\n\nA simple node.js-like cross-platform event emitter implementation.\n\n\n\n\n### [graph.js](doc/graph.md)\n\nComputation over graphs. Unless otherwise specified a graph is a simple JS\nobject whose properties are interpreted as nodes that refer to arrays whose\nelements describe edges. Example:\n```js\nvar testGraph = {\n"a": ["b", "c"],\n"b": ["c", "d", "e", "f"],\n"d": ["c", "f"],\n"e": ["a", "f"],\n"f": []\n}\n```\n\n\n\n\n### [messenger.js](doc/messenger.md)\n\nA pluggable interface to provide asynchronous, actor-like message\ncommunication between JavaScript systems. Provides a unified message protocol\nand send / receive methods.\n\n\n\n\n### [worker.js](doc/worker.md)\n\nA platform-independent worker interface that will spawn new processes per\nworker (if the platform you use it on supports it).\n\n\n\n<!---DOC_GENERATED_END--->\n\n<!---\n## Usage\nTODO\n\n### Browsers\nTODO\n\n### node.js\nTODO\n--->\n\n## License\n\n[MIT License](LICENSE)\n\n### methods throttle and debounce in function.js\n\nadapted from Underscore.js 1.3.3\n© 2009-2012 Jeremy Ashkenas, DocumentCloud Inc.\nUnderscore is distributed under the MIT license.\n\n### dateFormat in date.js\n\nDate Format 1.2.3\n© 2007-2009 Steven Levithan <stevenlevithan.com>\nMIT license\nIncludes enhancements by Scott Trenda <scott.trenda.net>\nand Kris Kowal <cixar.com/~kris.kowal/>\n\n### serveral methods in object.js including `subclass()`\n\nare inspired or derived from Prototype JavaScript framework, version 1.6.0_rc1\n© 2005-2007 Sam Stephenson\nPrototype is freely distributable under the terms of an MIT-style license.\nFor details, see the Prototype web site: http://www.prototypejs.org/\n',
371 silly resolved     readmeFilename: 'README.md',
371 silly resolved     _id: 'lively.lang@0.5.21',
371 silly resolved     _from: 'lively.lang@^0.5.7' },
371 silly resolved   { name: 'escodegen',
371 silly resolved     description: 'ECMAScript code generator',
371 silly resolved     homepage: 'http://github.com/estools/escodegen',
371 silly resolved     main: 'escodegen.js',
371 silly resolved     bin:
371 silly resolved      { esgenerate: './bin/esgenerate.js',
371 silly resolved        escodegen: './bin/escodegen.js' },
371 silly resolved     files:
371 silly resolved      [ 'LICENSE.BSD',
371 silly resolved        'LICENSE.source-map',
371 silly resolved        'README.md',
371 silly resolved        'bin',
371 silly resolved        'escodegen.js',
371 silly resolved        'package.json' ],
371 silly resolved     version: '1.8.0',
371 silly resolved     engines: { node: '>=0.12.0' },
371 silly resolved     maintainers: [ [Object] ],
371 silly resolved     repository: { type: 'git', url: 'http://github.com/estools/escodegen.git' },
371 silly resolved     dependencies:
371 silly resolved      { estraverse: '^1.9.1',
371 silly resolved        esutils: '^2.0.2',
371 silly resolved        esprima: '^2.7.1',
371 silly resolved        optionator: '^0.8.1',
371 silly resolved        'source-map': '~0.2.0' },
371 silly resolved     optionalDependencies: { 'source-map': '~0.2.0' },
371 silly resolved     devDependencies:
371 silly resolved      { 'acorn-6to5': '^0.11.1-25',
371 silly resolved        bluebird: '^2.3.11',
371 silly resolved        'bower-registry-client': '^0.2.1',
371 silly resolved        chai: '^1.10.0',
371 silly resolved        'commonjs-everywhere': '^0.9.7',
371 silly resolved        gulp: '^3.8.10',
371 silly resolved        'gulp-eslint': '^0.2.0',
371 silly resolved        'gulp-mocha': '^2.0.0',
371 silly resolved        semver: '^5.1.0' },
371 silly resolved     license: 'BSD-2-Clause',
371 silly resolved     scripts:
371 silly resolved      { test: 'gulp travis',
371 silly resolved        'unit-test': 'gulp test',
371 silly resolved        lint: 'gulp lint',
371 silly resolved        release: 'node tools/release.js',
371 silly resolved        'build-min': './node_modules/.bin/cjsify -ma path: tools/entry-point.js > escodegen.browser.min.js',
371 silly resolved        build: './node_modules/.bin/cjsify -a path: tools/entry-point.js > escodegen.browser.js' },
371 silly resolved     bugs: { url: 'https://github.com/estools/escodegen/issues' },
371 silly resolved     readme: 'ERROR: No README data found!',
371 silly resolved     _id: 'escodegen@1.8.0',
371 silly resolved     _from: 'escodegen@^1.8.0' },
371 silly resolved   { name: 'acorn',
371 silly resolved     description: 'ECMAScript parser',
371 silly resolved     homepage: 'https://github.com/ternjs/acorn',
371 silly resolved     main: 'dist/acorn.js',
371 silly resolved     version: '2.7.0',
371 silly resolved     engines: { node: '>=0.4.0' },
371 silly resolved     maintainers: [ [Object], [Object] ],
371 silly resolved     repository: { type: 'git', url: 'https://github.com/ternjs/acorn.git' },
371 silly resolved     license: 'MIT',
371 silly resolved     scripts:
371 silly resolved      { prepublish: 'node bin/build-acorn.js',
371 silly resolved        test: 'node test/run.js' },
371 silly resolved     bin: { acorn: './bin/acorn' },
371 silly resolved     devDependencies:
371 silly resolved      { 'babel-core': '^5.6.15',
371 silly resolved        babelify: '^6.1.2',
371 silly resolved        browserify: '^10.2.4',
371 silly resolved        'browserify-derequire': '^0.9.4',
371 silly resolved        'unicode-7.0.0': '~0.1.5' },
371 silly resolved     contributors:
371 silly resolved      [ [Object],
371 silly resolved        [Object],
371 silly resolved        [Object],
371 silly resolved        [Object],
371 silly resolved        [Object],
371 silly resolved        [Object],
371 silly resolved        [Object],
371 silly resolved        [Object],
371 silly resolved        [Object],
371 silly resolved        [Object],
371 silly resolved        [Object],
371 silly resolved        [Object],
371 silly resolved        [Object],
371 silly resolved        [Object],
371 silly resolved        [Object],
371 silly resolved        [Object],
371 silly resolved        [Object],
371 silly resolved        [Object],
371 silly resolved        [Object],
371 silly resolved        [Object],
371 silly resolved        [Object],
371 silly resolved        [Object],
371 silly resolved        [Object],
371 silly resolved        [Object],
371 silly resolved        [Object],
371 silly resolved        [Object],
371 silly resolved        [Object],
371 silly resolved        [Object],
371 silly resolved        [Object],
371 silly resolved        [Object],
371 silly resolved        [Object],
371 silly resolved        [Object],
371 silly resolved        [Object],
371 silly resolved        [Object],
371 silly resolved        [Object],
371 silly resolved        [Object],
371 silly resolved        [Object],
371 silly resolved        [Object],
371 silly resolved        [Object],
371 silly resolved        [Object],
371 silly resolved        [Object],
371 silly resolved        [Object] ],
371 silly resolved     readme: '# Acorn\n\n[![Build Status](https://travis-ci.org/ternjs/acorn.svg?branch=master)](https://travis-ci.org/ternjs/acorn)\n[![NPM version](https://img.shields.io/npm/v/acorn.svg)](https://www.npmjs.com/package/acorn)  \n[Author funding status: ![maintainer happiness](https://marijnhaverbeke.nl/fund/status_s.png?force)](https://marijnhaverbeke.nl/fund/)\n\nA tiny, fast JavaScript parser, written completely in JavaScript.\n\n## Community\n\nAcorn is open source software released under an\n[MIT license](https://github.com/ternjs/acorn/blob/master/LICENSE).\n\nYou are welcome to\n[report bugs](https://github.com/ternjs/acorn/issues) or create pull\nrequests on [github](https://github.com/ternjs/acorn). For questions\nand discussion, please use the\n[Tern discussion forum](https://discuss.ternjs.net).\n\n## Installation\n\nThe easiest way to install acorn is with [`npm`][npm].\n\n[npm]: https://www.npmjs.com/\n\n```sh\nnpm install acorn\n```\n\nAlternately, download the source.\n\n```sh\ngit clone https://github.com/ternjs/acorn.git\n```\n\n## Components\n\nWhen run in a CommonJS (node.js) or AMD environment, exported values\nappear in the interfaces exposed by the individual files, as usual.\nWhen loaded in the browser (Acorn works in any JS-enabled browser more\nrecent than IE5) without any kind of module management, a single\nglobal object `acorn` will be defined, and all the exported properties\nwill be added to that.\n\n### Main parser\n\nThis is implemented in `dist/acorn.js`, and is what you get when you\n`require("acorn")` in node.js.\n\n**parse**`(input, options)` is used to parse a JavaScript program.\nThe `input` parameter is a string, `options` can be undefined or an\nobject setting some of the options listed below. The return value will\nbe an abstract syntax tree object as specified by the\n[ESTree spec][estree].\n\nWhen  encountering   a  syntax   error,  the   parser  will   raise  a\n`SyntaxError` object with a meaningful  message. The error object will\nhave a `pos` property that indicates the character offset at which the\nerror occurred,  and a `loc`  object that contains a  `{line, column}`\nobject referring to that same position.\n\n[estree]: https://github.com/estree/estree\n\n- **ecmaVersion**: Indicates the ECMAScript version to parse. Must be\n  either 3, 5, or 6. This influences support for strict mode, the set\n  of reserved words, and support for new syntax features. Default is 5.\n\n- **sourceType**: Indicate the mode the code should be parsed in. Can be\n  either `"script"` or `"module"`.\n\n- **onInsertedSemicolon**: If given a callback, that callback will be\n  called whenever a missing semicolon is inserted by the parser. The\n  callback will be given the character offset of the point where the\n  semicolon is inserted as argument, and if `locations` is on, also a\n  `{line, column}` object representing this position.\n\n- **onTrailingComma**: Like `onInsertedSemicolon`, but for trailing\n  commas.\n\n- **allowReserved**: If `false`, using a reserved word will generate\n  an error. Defaults to `true` for `ecmaVersion` 3, `false` for higher\n  versions. When given the value `"never"`, reserved words and\n  keywords can also not be used as property names (as in Internet\n  Explorer\'s old parser).\n\n- **allowReturnOutsideFunction**: By default, a return statement at\n  the top level raises an error. Set this to `true` to accept such\n  code.\n\n- **allowImportExportEverywhere**: By default, `import` and `export`\n  declarations can only appear at a program\'s top level. Setting this\n  option to `true` allows them anywhere where a statement is allowed.\n\n- **allowHashBang**: When this is enabled (off by default), if the\n  code starts with the characters `#!` (as in a shellscript), the\n  first line will be treated as a comment.\n\n- **locations**: When `true`, each node has a `loc` object attached\n  with `start` and `end` subobjects, each of which contains the\n  one-based line and zero-based column numbers in `{line, column}`\n  form. Default is `false`.\n\n- **onToken**: If a function is passed for this option, each found\n  token will be passed in same format as tokens returned from\n  `tokenizer().getToken()`.\n\n  If array is passed, each found token is pushed to it.\n\n  Note that you are not allowed to call the parser from the\n  callback—that will corrupt its internal state.\n\n- **onComment**: If a function is passed for this option, whenever a\n  comment is encountered the function will be called with the\n  following parameters:\n\n  - `block`: `true` if the comment is a block comment, false if it\n    is a line comment.\n  - `text`: The content of the comment.\n  - `start`: Character offset of the start of the comment.\n  - `end`: Character offset of the end of the comment.\n\n  When the `locations` options is on, the `{line, column}` locations\n  of the comment’s start and end are passed as two additional\n  parameters.\n\n  If array is passed for this option, each found comment is pushed\n  to it as object in Esprima format:\n\n  ```javascript\n  {\n    "type": "Line" | "Block",\n    "value": "comment text",\n    "start": Number,\n    "end": Number,\n    // If `locations` option is on:\n    "loc": {\n      "start": {line: Number, column: Number}\n      "end": {line: Number, column: Number}\n    },\n    // If `ranges` option is on:\n    "range": [Number, Number]\n  }\n  ```\n\n  Note that you are not allowed to call the parser from the\n  callback—that will corrupt its internal state.\n\n- **ranges**: Nodes have their start and end characters offsets\n  recorded in `start` and `end` properties (directly on the node,\n  rather than the `loc` object, which holds line/column data. To also\n  add a [semi-standardized][range] `range` property holding a\n  `[start, end]` array with the same numbers, set the `ranges` option\n  to `true`.\n\n- **program**: It is possible to parse multiple files into a single\n  AST by passing the tree produced by parsing the first file as the\n  `program` option in subsequent parses. This will add the toplevel\n  forms of the parsed file to the "Program" (top) node of an existing\n  parse tree.\n\n- **sourceFile**: When the `locations` option is `true`, you can pass\n  this option to add a `source` attribute in every node’s `loc`\n  object. Note that the contents of this option are not examined or\n  processed in any way; you are free to use whatever format you\n  choose.\n\n- **directSourceFile**: Like `sourceFile`, but a `sourceFile` property\n  will be added directly to the nodes, rather than the `loc` object.\n\n- **preserveParens**: If this option is `true`, parenthesized expressions\n  are represented by (non-standard) `ParenthesizedExpression` nodes\n  that have a single `expression` property containing the expression\n  inside parentheses.\n\n[range]: https://bugzilla.mozilla.org/show_bug.cgi?id=745678\n\n**parseExpressionAt**`(input, offset, options)` will parse a single\nexpression in a string, and return its AST. It will not complain if\nthere is more of the string left after the expression.\n\n**getLineInfo**`(input, offset)` can be used to get a `{line,\ncolumn}` object for a given program string and character offset.\n\n**tokenizer**`(input, options)` returns an object with a `getToken`\nmethod that can be called repeatedly to get the next token, a `{start,\nend, type, value}` object (with added `loc` property when the\n`locations` option is enabled and `range` property when the `ranges`\noption is enabled). When the token\'s type is `tokTypes.eof`, you\nshould stop calling the method, since it will keep returning that same\ntoken forever.\n\nIn ES6 environment, returned result can be used as any other\nprotocol-compliant iterable:\n\n```javascript\nfor (let token of acorn.tokenizer(str)) {\n  // iterate over the tokens\n}\n\n// transform code to array of tokens:\nvar tokens = [...acorn.tokenizer(str)];\n```\n\n**tokTypes** holds an object mapping names to the token type objects\nthat end up in the `type` properties of tokens.\n\n#### Note on using with [Escodegen][escodegen]\n\nEscodegen supports generating comments from AST, attached in\nEsprima-specific format. In order to simulate same format in\nAcorn, consider following example:\n\n```javascript\nvar comments = [], tokens = [];\n\nvar ast = acorn.parse(\'var x = 42; // answer\', {\n\t// collect ranges for each node\n\tranges: true,\n\t// collect comments in Esprima\'s format\n\tonComment: comments,\n\t// collect token ranges\n\tonToken: tokens\n});\n\n// attach comments using collected information\nescodegen.attachComments(ast, comments, tokens);\n\n// generate code\nconsole.log(escodegen.generate(ast, {comment: true}));\n// > \'var x = 42;    // answer\'\n```\n\n[escodegen]: https://github.com/estools/escodegen\n\n### dist/acorn_loose.js ###\n\nThis file implements an error-tolerant parser. It exposes a single\nfunction. The loose parser is accessible in node.js via `require("acorn/dist/acorn_loose")`.\n\n**parse_dammit**`(input, options)` takes the same arguments and\nreturns the same syntax tree as the `parse` function in `acorn.js`,\nbut never raises an error, and will do its best to parse syntactically\ninvalid code in as meaningful a way as it can. It\'ll insert identifier\nnodes with name `"✖"` as placeholders in places where it can\'t make\nsense of the input. Depends on `acorn.js`, because it uses the same\ntokenizer.\n\n### dist/walk.js ###\n\nImplements an abstract syntax tree walker. Will store its interface in\n`acorn.walk` when loaded without a module system.\n\n**simple**`(node, visitors, base, state)` does a \'simple\' walk over\na tree. `node` should be the AST node to walk, and `visitors` an\nobject with properties whose names correspond to node types in the\n[ESTree spec][estree]. The properties should contain functions\nthat will be called with the node object and, if applicable the state\nat that point. The last two arguments are optional. `base` is a walker\nalgorithm, and `state` is a start state. The default walker will\nsimply visit all statements and expressions and not produce a\nmeaningful state. (An example of a use of state is to track scope at\neach point in the tree.)\n\n**ancestor**`(node, visitors, base, state)` does a \'simple\' walk over\na tree, building up an array of ancestor nodes (including the current node)\nand passing the array to callbacks in the `state` parameter.\n\n**recursive**`(node, state, functions, base)` does a \'recursive\'\nwalk, where the walker functions are responsible for continuing the\nwalk on the child nodes of their target node. `state` is the start\nstate, and `functions` should contain an object that maps node types\nto walker functions. Such functions are called with `(node, state, c)`\narguments, and can cause the walk to continue on a sub-node by calling\nthe `c` argument on it with `(node, state)` arguments. The optional\n`base` argument provides the fallback walker functions for node types\nthat aren\'t handled in the `functions` object. If not given, the\ndefault walkers will be used.\n\n**make**`(functions, base)` builds a new walker object by using the\nwalker functions in `functions` and filling in the missing ones by\ntaking defaults from `base`.\n\n**findNodeAt**`(node, start, end, test, base, state)` tries to\nlocate a node in a tree at the given start and/or end offsets, which\nsatisfies the predicate `test`. `start` and `end` can be either `null`\n(as wildcard) or a number. `test` may be a string (indicating a node\ntype) or a function that takes `(nodeType, node)` arguments and\nreturns a boolean indicating whether this node is interesting. `base`\nand `state` are optional, and can be used to specify a custom walker.\nNodes are tested from inner to outer, so if two nodes match the\nboundaries, the inner one will be preferred.\n\n**findNodeAround**`(node, pos, test, base, state)` is a lot like\n`findNodeAt`, but will match any node that exists \'around\' (spanning)\nthe given position.\n\n**findNodeAfter**`(node, pos, test, base, state)` is similar to\n`findNodeAround`, but will match all nodes *after* the given position\n(testing outer nodes before inner nodes).\n\n## Command line interface\n\nThe `bin/acorn` utility can be used to parse a file from the command\nline. It accepts as arguments its input file and the following\noptions:\n\n- `--ecma3|--ecma5|--ecma6`: Sets the ECMAScript version to parse. Default is\n  version 5.\n\n- `--module`: Sets the parsing mode to `"module"`. Is set to `"script"` otherwise.\n\n- `--locations`: Attaches a "loc" object to each node with "start" and\n  "end" subobjects, each of which contains the one-based line and\n  zero-based column numbers in `{line, column}` form.\n\n- `--allow-hash-bang`: If the code starts with the characters #! (as in a shellscript), the first line will be treated as a comment.\n\n- `--compact`: No whitespace is used in the AST output.\n\n- `--silent`: Do not output the AST, just return the exit status.\n\n- `--help`: Print the usage information and quit.\n\nThe utility spits out the syntax tree as JSON data.\n\n## Build system\n\nAcorn is written in ECMAScript 6, as a set of small modules, in the\nproject\'s `src` directory, and compiled down to bigger ECMAScript 3\nfiles in `dist` using [Browserify](http://browserify.org) and\n[Babel](http://babeljs.io/). If you are already using Babel, you can\nconsider including the modules directly.\n\nThe command-line test runner (`npm test`) uses the ES6 modules. The\nbrowser-based test page (`test/index.html`) uses the compiled modules.\nThe `bin/build-acorn.js` script builds the latter from the former.\n\nIf you are working on Acorn, you\'ll probably want to try the code out\ndirectly, without an intermediate build step. In your scripts, you can\nregister the Babel require shim like this:\n\n    require("babel-core/register")\n\nThat will allow you to directly `require` the ES6 modules.\n\n## Plugins\n\nAcorn is designed support allow plugins which, within reasonable\nbounds, redefine the way the parser works. Plugins can add new token\ntypes and new tokenizer contexts (if necessary), and extend methods in\nthe parser object. This is not a clean, elegant API—using it requires\nan understanding of Acorn\'s internals, and plugins are likely to break\nwhenever those internals are significantly changed. But still, it is\n_possible_, in this way, to create parsers for JavaScript dialects\nwithout forking all of Acorn. And in principle it is even possible to\ncombine such plugins, so that if you have, for example, a plugin for\nparsing types and a plugin for parsing JSX-style XML literals, you\ncould load them both and parse code with both JSX tags and types.\n\nA plugin should register itself by adding a property to\n`acorn.plugins`, which holds a function. Calling `acorn.parse`, a\n`plugins` option can be passed, holding an object mapping plugin names\nto configuration values (or just `true` for plugins that don\'t take\noptions). After the parser object has been created, the initialization\nfunctions for the chosen plugins are called with `(parser,\nconfigValue)` arguments. They are expected to use the `parser.extend`\nmethod to extend parser methods. For example, the `readToken` method\ncould be extended like this:\n\n```javascript\nparser.extend("readToken", function(nextMethod) {\n  return function(code) {\n    console.log("Reading a token!")\n    return nextMethod.call(this, code)\n  }\n})\n```\n\nThe `nextMethod` argument passed to `extend`\'s second argument is the\nprevious value of this method, and should usually be called through to\nwhenever the extended method does not handle the call itself.\n\nSimilarly, the loose parser allows plugins to register themselves via\n`acorn.pluginsLoose`.  The extension mechanism is the same as for the\nnormal parser:\n\n```javascript\nlooseParser.extend("readToken", function(nextMethod) {\n  return function() {\n    console.log("Reading a token in the loose parser!")\n    return nextMethod.call(this)\n  }\n})\n```\n\nThere is a proof-of-concept JSX plugin in the [`acorn-jsx`](https://github.com/RReverser/acorn-jsx) project.\n',
371 silly resolved     readmeFilename: 'README.md',
371 silly resolved     bugs: { url: 'https://github.com/ternjs/acorn/issues' },
371 silly resolved     _id: 'acorn@2.7.0',
371 silly resolved     _from: 'acorn@^2.7.0' },
371 silly resolved   { name: 'acorn-jsx',
371 silly resolved     description: 'Alternative, faster React.js JSX parser',
371 silly resolved     homepage: 'https://github.com/RReverser/acorn-jsx',
371 silly resolved     version: '2.0.1',
371 silly resolved     maintainers: [ [Object] ],
371 silly resolved     repository: { type: 'git', url: 'https://github.com/RReverser/acorn-jsx' },
371 silly resolved     licenses: [ [Object] ],
371 silly resolved     scripts: { test: 'node test/run.js' },
371 silly resolved     dependencies: { acorn: '^2.0.1' },
371 silly resolved     devDependencies: { chai: '^3.0.0', mocha: '^2.2.5' },
371 silly resolved     readme: '# Acorn-JSX\n\n[![Build Status](https://travis-ci.org/RReverser/acorn-jsx.svg?branch=master)](https://travis-ci.org/RReverser/acorn-jsx)\n[![NPM version](https://img.shields.io/npm/v/acorn-jsx.svg)](https://www.npmjs.org/package/acorn-jsx)\n\nThis is plugin for [Acorn](http://marijnhaverbeke.nl/acorn/) - a tiny, fast JavaScript parser, written completely in JavaScript.\n\nIt was created as an experimental alternative, faster [React.js JSX](http://facebook.github.io/react/docs/jsx-in-depth.html) parser.\n\nAccording to [benchmarks](https://github.com/RReverser/acorn-jsx/blob/master/test/bench.html), Acorn-JSX is 2x faster than official [Esprima-based parser](https://github.com/facebook/esprima) when location tracking is turned on in both (call it "source maps enabled mode"). At the same time, it consumes all the ES6+JSX syntax that can be consumed by Esprima-FB (this is proved by [official tests](https://github.com/RReverser/acorn-jsx/blob/master/test/tests-jsx.js)).\n\n**UPDATE [14-Apr-2015]**: Facebook implementation started [deprecation process](https://github.com/facebook/esprima/issues/111) in favor of Acorn + Acorn-JSX + Babel for parsing and transpiling JSX syntax.\n\n## Transpiler\n\nPlease note that this tool only parses source code to JSX AST, which is useful for various language tools and services. If you want to transpile your code to regular ES5-compliant JavaScript with source map, check out the [babel transpiler](https://babeljs.io/) which uses `acorn-jsx` under the hood.\n\n## Usage\n\nYou can use module directly in order to get Acorn instance with plugin installed:\n\n```javascript\nvar acorn = require(\'acorn-jsx\');\n```\n\nOr you can use `inject.js` for injecting plugin into your own version of Acorn like following:\n\n```javascript\nvar acorn = require(\'acorn-jsx/inject\')(require(\'./custom-acorn\'));\n```\n\nThen, use `plugins` option whenever you need to support JSX while parsing:\n\n```javascript\nvar ast = acorn.parse(code, {\n  plugins: { jsx: true }\n});\n```\n\n## License\n\nThis plugin is issued under the [MIT license](./LICENSE).\n',
371 silly resolved     readmeFilename: 'README.md',
371 silly resolved     bugs: { url: 'https://github.com/RReverser/acorn-jsx/issues' },
371 silly resolved     _id: 'acorn-jsx@2.0.1',
371 silly resolved     _from: 'acorn-jsx@^2.0' } ]
372 info install lively.lang@0.5.21 into /home/lively4/lively4/lively.lang/node_modules/doc-comments/node_modules/lively.ast
373 info install escodegen@1.8.0 into /home/lively4/lively4/lively.lang/node_modules/doc-comments/node_modules/lively.ast
374 info install acorn@2.7.0 into /home/lively4/lively4/lively.lang/node_modules/doc-comments/node_modules/lively.ast
375 info install acorn-jsx@2.0.1 into /home/lively4/lively4/lively.lang/node_modules/doc-comments/node_modules/lively.ast
376 info installOne lively.lang@0.5.21
377 verbose unresolvable dependency tree [ 'lively.lang@0.5.21',
377 verbose unresolvable dependency tree   { 'lively.ast': '0.2.21' },
377 verbose unresolvable dependency tree   { 'doc-comments': '0.1.2' },
377 verbose unresolvable dependency tree   { 'lively.lang': '0.5.21', THIS_IS_P: true },
377 verbose unresolvable dependency tree   {} ]
378 verbose about to build /home/lively4/lively4/lively.lang/node_modules/doc-comments/node_modules/lively.ast
379 info /home/lively4/lively4/lively.lang/node_modules/doc-comments/node_modules/lively.ast unbuild
380 info installOne escodegen@1.8.0
381 warn engine escodegen@1.8.0: wanted: {"node":">=0.12.0"} (current: {"node":"v0.10.17","npm":"1.3.8"})
382 info installOne acorn@2.7.0
383 info installOne acorn-jsx@2.0.1
384 info preuninstall lively.ast@0.2.21
385 info /home/lively4/lively4/lively.lang/node_modules/doc-comments/node_modules/lively.ast/node_modules/escodegen unbuild
386 info /home/lively4/lively4/lively.lang/node_modules/doc-comments/node_modules/lively.ast/node_modules/acorn unbuild
387 info /home/lively4/lively4/lively.lang/node_modules/doc-comments/node_modules/lively.ast/node_modules/acorn-jsx unbuild
388 info uninstall lively.ast@0.2.21
389 verbose tar unpack /home/lively4/.npm/escodegen/1.8.0/package.tgz
390 silly lockFile 574571cb-ively-ast-node-modules-escodegen tar:///home/lively4/lively4/lively.lang/node_modules/doc-comments/node_modules/lively.ast/node_modules/escodegen
391 verbose lock tar:///home/lively4/lively4/lively.lang/node_modules/doc-comments/node_modules/lively.ast/node_modules/escodegen /home/lively4/.npm/574571cb-ively-ast-node-modules-escodegen.lock
392 silly lockFile 1e17d576--npm-escodegen-1-8-0-package-tgz tar:///home/lively4/.npm/escodegen/1.8.0/package.tgz
393 verbose lock tar:///home/lively4/.npm/escodegen/1.8.0/package.tgz /home/lively4/.npm/1e17d576--npm-escodegen-1-8-0-package-tgz.lock
394 verbose tar unpack /home/lively4/.npm/acorn/2.7.0/package.tgz
395 silly lockFile a8bbe23c-es-lively-ast-node-modules-acorn tar:///home/lively4/lively4/lively.lang/node_modules/doc-comments/node_modules/lively.ast/node_modules/acorn
396 verbose lock tar:///home/lively4/lively4/lively.lang/node_modules/doc-comments/node_modules/lively.ast/node_modules/acorn /home/lively4/.npm/a8bbe23c-es-lively-ast-node-modules-acorn.lock
397 silly lockFile 6672baca-ely4-npm-acorn-2-7-0-package-tgz tar:///home/lively4/.npm/acorn/2.7.0/package.tgz
398 verbose lock tar:///home/lively4/.npm/acorn/2.7.0/package.tgz /home/lively4/.npm/6672baca-ely4-npm-acorn-2-7-0-package-tgz.lock
399 verbose tar unpack /home/lively4/.npm/acorn-jsx/2.0.1/package.tgz
400 silly lockFile ad25907a-ively-ast-node-modules-acorn-jsx tar:///home/lively4/lively4/lively.lang/node_modules/doc-comments/node_modules/lively.ast/node_modules/acorn-jsx
401 verbose lock tar:///home/lively4/lively4/lively.lang/node_modules/doc-comments/node_modules/lively.ast/node_modules/acorn-jsx /home/lively4/.npm/ad25907a-ively-ast-node-modules-acorn-jsx.lock
402 silly lockFile 1ab9cfbc--npm-acorn-jsx-2-0-1-package-tgz tar:///home/lively4/.npm/acorn-jsx/2.0.1/package.tgz
403 verbose lock tar:///home/lively4/.npm/acorn-jsx/2.0.1/package.tgz /home/lively4/.npm/1ab9cfbc--npm-acorn-jsx-2-0-1-package-tgz.lock
404 verbose false,/home/lively4/lively4/lively.lang/node_modules,/home/lively4/lively4/lively.lang/node_modules/doc-comments/node_modules unbuild lively.ast@0.2.21
405 info postuninstall lively.ast@0.2.21
406 silly gunzTarPerm modes [ '755', '644' ]
407 silly gunzTarPerm modes [ '755', '644' ]
408 silly gunzTarPerm modes [ '755', '644' ]
409 silly gunzTarPerm extractEntry package.json
410 silly gunzTarPerm extractEntry package.json
411 silly gunzTarPerm extractEntry package.json
412 error error rolling back Error: ENOTEMPTY, rmdir '/home/lively4/lively4/lively.lang/node_modules/doc-comments/node_modules/lively.ast'
412 error error rolling back  lively.ast@0.2.21 { [Error: ENOTEMPTY, rmdir '/home/lively4/lively4/lively.lang/node_modules/doc-comments/node_modules/lively.ast']
412 error error rolling back   errno: 53,
412 error error rolling back   code: 'ENOTEMPTY',
412 error error rolling back   path: '/home/lively4/lively4/lively.lang/node_modules/doc-comments/node_modules/lively.ast' }
413 verbose about to build /home/lively4/lively4/lively.lang/node_modules/doc-comments
414 info /home/lively4/lively4/lively.lang/node_modules/doc-comments unbuild
415 info preuninstall doc-comments@0.1.2
416 silly gunzTarPerm extractEntry escodegen.js
417 silly gunzTarPerm extractEntry LICENSE.BSD
418 info uninstall doc-comments@0.1.2
419 silly gunzTarPerm extractEntry .npmignore
420 silly gunzTarPerm extractEntry README.md
421 silly gunzTarPerm extractEntry .npmignore
422 silly gunzTarPerm extractEntry README.md
423 verbose true,/home/lively4/lively4/lively.lang/node_modules,/home/lively4/lively4/lively.lang/node_modules unbuild doc-comments@0.1.2
424 info postuninstall doc-comments@0.1.2
425 silly gunzTarPerm extractEntry LICENSE
426 silly gunzTarPerm extractEntry LICENSE
427 silly gunzTarPerm extractEntry inject.js
428 silly gunzTarPerm extractEntry LICENSE.source-map
429 silly gunzTarPerm extractEntry bin/escodegen.js
430 silly gunzTarPerm extractEntry .travis.yml
431 silly gunzTarPerm extractEntry AUTHORS
432 silly gunzTarPerm extractEntry index.js
433 error cycle Unresolvable cycle detected
433 error cycle While installing: lively.lang@0.5.21
433 error cycle Found a pathological dependency case that npm cannot solve.
433 error cycle Please report this to the package author.
434 error System Linux 3.2.0-4-amd64
435 error command "/usr/local/bin/node" "/usr/local/bin/npm" "install"
436 error cwd /home/lively4/lively4/lively.lang
437 error node -v v0.10.17
438 error npm -v 1.3.8
439 error code ECYCLE
440 verbose exit [ 1, true ]
